<?xml version="1.0" encoding="UTF-8" ?>
<testsuite failures="0" time="0.259" errors="0" skipped="0" tests="14" name="org.kopsox.spreadsheet.data.ods.OpenDocumentSheetTest">
  <properties>
    <property name="java.runtime.name" value="Java(TM) SE Runtime Environment"/>
    <property name="sun.boot.library.path" value="/home/koni/bin/jdk1.7.0_21/jre/lib/amd64"/>
    <property name="java.vm.version" value="23.21-b01"/>
    <property name="java.vm.vendor" value="Oracle Corporation"/>
    <property name="java.vendor.url" value="http://java.oracle.com/"/>
    <property name="path.separator" value=":"/>
    <property name="guice.disable.misplaced.annotation.check" value="true"/>
    <property name="java.vm.name" value="Java HotSpot(TM) 64-Bit Server VM"/>
    <property name="file.encoding.pkg" value="sun.io"/>
    <property name="user.country" value="AT"/>
    <property name="sun.java.launcher" value="SUN_STANDARD"/>
    <property name="sun.os.patch.level" value="unknown"/>
    <property name="java.vm.specification.name" value="Java Virtual Machine Specification"/>
    <property name="user.dir" value="/home/koni/Programmieren/Sources/JavaSE_Projects/KSpreadsheet"/>
    <property name="java.runtime.version" value="1.7.0_21-b11"/>
    <property name="java.awt.graphicsenv" value="sun.awt.X11GraphicsEnvironment"/>
    <property name="java.endorsed.dirs" value="/home/koni/bin/jdk1.7.0_21/jre/lib/endorsed"/>
    <property name="os.arch" value="amd64"/>
    <property name="java.io.tmpdir" value="/tmp"/>
    <property name="line.separator" value="
"/>
    <property name="java.vm.specification.vendor" value="Oracle Corporation"/>
    <property name="os.name" value="Linux"/>
    <property name="classworlds.conf" value="/home/koni/bin/netbeans_731/netbeans-7.3.1/java/maven/bin/m2.conf"/>
    <property name="sun.jnu.encoding" value="UTF-8"/>
    <property name="java.library.path" value="/home/koni/bin/jdk1.7.0_21/jre/lib/amd64:/home/koni/bin/jdk1.7.0_21/jre/lib/i386::/usr/java/packages/lib/amd64:/usr/lib64:/lib64:/lib:/usr/lib"/>
    <property name="java.specification.name" value="Java Platform API Specification"/>
    <property name="java.class.version" value="51.0"/>
    <property name="sun.management.compiler" value="HotSpot 64-Bit Tiered Compilers"/>
    <property name="os.version" value="3.11.0-20-generic"/>
    <property name="user.home" value="/home/koni"/>
    <property name="user.timezone" value="Europe/Vienna"/>
    <property name="java.awt.printerjob" value="sun.print.PSPrinterJob"/>
    <property name="file.encoding" value="UTF-8"/>
    <property name="java.specification.version" value="1.7"/>
    <property name="user.name" value="koni"/>
    <property name="java.class.path" value="/home/koni/bin/netbeans_731/netbeans-7.3.1/java/maven/boot/plexus-classworlds-2.4.jar"/>
    <property name="java.vm.specification.version" value="1.7"/>
    <property name="sun.arch.data.model" value="64"/>
    <property name="java.home" value="/home/koni/bin/jdk1.7.0_21/jre"/>
    <property name="sun.java.command" value="org.codehaus.plexus.classworlds.launcher.Launcher install"/>
    <property name="java.specification.vendor" value="Oracle Corporation"/>
    <property name="user.language" value="de"/>
    <property name="awt.toolkit" value="sun.awt.X11.XToolkit"/>
    <property name="java.vm.info" value="mixed mode"/>
    <property name="java.version" value="1.7.0_21"/>
    <property name="java.ext.dirs" value="/home/koni/bin/jdk1.7.0_21/jre/lib/ext:/usr/java/packages/lib/ext"/>
    <property name="securerandom.source" value="file:/dev/./urandom"/>
    <property name="sun.boot.class.path" value="/home/koni/bin/jdk1.7.0_21/jre/lib/resources.jar:/home/koni/bin/jdk1.7.0_21/jre/lib/rt.jar:/home/koni/bin/jdk1.7.0_21/jre/lib/sunrsasign.jar:/home/koni/bin/jdk1.7.0_21/jre/lib/jsse.jar:/home/koni/bin/jdk1.7.0_21/jre/lib/jce.jar:/home/koni/bin/jdk1.7.0_21/jre/lib/charsets.jar:/home/koni/bin/jdk1.7.0_21/jre/lib/jfr.jar:/home/koni/bin/jdk1.7.0_21/jre/classes"/>
    <property name="java.vendor" value="Oracle Corporation"/>
    <property name="maven.home" value="/home/koni/bin/netbeans_731/netbeans-7.3.1/java/maven"/>
    <property name="file.separator" value="/"/>
    <property name="java.vendor.url.bug" value="http://bugreport.sun.com/bugreport/"/>
    <property name="sun.cpu.endian" value="little"/>
    <property name="sun.io.unicode.encoding" value="UnicodeLittle"/>
    <property name="sun.cpu.isalist" value=""/>
  </properties>
  <testcase time="0.021" classname="org.kopsox.spreadsheet.data.ods.OpenDocumentSheetTest" name="testGetValueAt"/>
  <testcase time="0.014" classname="org.kopsox.spreadsheet.data.ods.OpenDocumentSheetTest" name="testSetFormualaAt"/>
  <testcase time="0.009" classname="org.kopsox.spreadsheet.data.ods.OpenDocumentSheetTest" name="testGetNumberOfLastRow"/>
  <testcase time="0.019" classname="org.kopsox.spreadsheet.data.ods.OpenDocumentSheetTest" name="testGetNumberOfLastColumn"/>
  <testcase time="0.01" classname="org.kopsox.spreadsheet.data.ods.OpenDocumentSheetTest" name="testGetWorkbook"/>
  <testcase time="0.014" classname="org.kopsox.spreadsheet.data.ods.OpenDocumentSheetTest" name="testSetValueAtIntIntString"/>
  <testcase time="0.014" classname="org.kopsox.spreadsheet.data.ods.OpenDocumentSheetTest" name="testSetValueAtIntIntDouble"/>
  <testcase time="0.038" classname="org.kopsox.spreadsheet.data.ods.OpenDocumentSheetTest" name="testSetValueAtIntIntDate"/>
  <testcase time="0.036" classname="org.kopsox.spreadsheet.data.ods.OpenDocumentSheetTest" name="testSetValueAtIntIntTime"/>
  <testcase time="0.018" classname="org.kopsox.spreadsheet.data.ods.OpenDocumentSheetTest" name="testSetValueAtIntIntBoolean"/>
  <testcase time="0.014" classname="org.kopsox.spreadsheet.data.ods.OpenDocumentSheetTest" name="testGetSheetIndex"/>
  <testcase time="0.019" classname="org.kopsox.spreadsheet.data.ods.OpenDocumentSheetTest" name="testGetSheetName"/>
  <testcase time="0.014" classname="org.kopsox.spreadsheet.data.ods.OpenDocumentSheetTest" name="testEquals"/>
  <testcase time="0.015" classname="org.kopsox.spreadsheet.data.ods.OpenDocumentSheetTest" name="testHashCode"/>
</testsuite>